<?xml version="1.0" encoding="UTF-8"?>
<testsuite name="ProductsProviderTests" tests="2" skipped="0" failures="0" errors="0" timestamp="2016-06-02T08:07:31" hostname="Reina" time="0.008">
  <properties/>
  <testcase name="productsHaveCorrectNames" classname="ProductsProviderTests" time="0.007"/>
  <testcase name="productsAreTakenFromStorage" classname="ProductsProviderTests" time="0.0"/>
  <system-out><![CDATA[]]></system-out>
  <system-err><![CDATA[]]></system-err>
</testsuite>
