<?xml version="1.0" encoding="UTF-8"?>
<testsuite name="NewTransactionReporterTests" tests="6" skipped="0" failures="0" errors="0" timestamp="2016-06-02T08:07:30" hostname="Reina" time="0.138">
  <properties/>
  <testcase name="whenTransactionIsNotAcceptedReturnsNotSuccess" classname="NewTransactionReporterTests" time="0.125"/>
  <testcase name="reportTransactionReturnsSuccess" classname="NewTransactionReporterTests" time="0.001"/>
  <testcase name="whenTransactionIdIsInvalidExceptionIsThrown" classname="NewTransactionReporterTests" time="0.0"/>
  <testcase name="checkThatTransactionArgumentsAreCorrectlySendFromBackendToReporter" classname="NewTransactionReporterTests" time="0.008"/>
  <testcase name="transactionIdIsEqualToIdReturnedByBackend" classname="NewTransactionReporterTests" time="0.0"/>
  <testcase name="transactionIsSendToBackend" classname="NewTransactionReporterTests" time="0.001"/>
  <system-out><![CDATA[]]></system-out>
  <system-err><![CDATA[]]></system-err>
</testsuite>
